2019-09-27 17:42:45.697  INFO 14618 --- [restartedMain] com.zy.recursion.RecursionApplication    : Starting RecursionApplication on zhangyideMacBook-Pro.local with PID 14618 (/Users/zhangyi/IdeaProjects/recursion/target/classes started by zhangyi in /Users/zhangyi/IdeaProjects/recursion)
2019-09-27 17:42:45.703  INFO 14618 --- [restartedMain] com.zy.recursion.RecursionApplication    : No active profile set, falling back to default profiles: default
2019-09-27 17:42:45.766  INFO 14618 --- [restartedMain] .e.DevToolsPropertyDefaultsPostProcessor : Devtools property defaults active! Set 'spring.devtools.add-properties' to 'false' to disable
2019-09-27 17:42:45.766  INFO 14618 --- [restartedMain] .e.DevToolsPropertyDefaultsPostProcessor : For additional web related logging consider setting the 'logging.level.web' property to 'DEBUG'
2019-09-27 17:42:46.520  WARN 14618 --- [restartedMain] t.m.s.mapper.ClassPathMapperScanner      : No MyBatis mapper was found in '[com.zy.recursion]' package. Please check your configuration.
2019-09-27 17:42:46.530  WARN 14618 --- [restartedMain] o.m.s.mapper.ClassPathMapperScanner      : No MyBatis mapper was found in '[com.zy.recursion]' package. Please check your configuration.
2019-09-27 17:42:46.956  INFO 14618 --- [restartedMain] trationDelegate$BeanPostProcessorChecker : Bean 'org.springframework.transaction.annotation.ProxyTransactionManagementConfiguration' of type [org.springframework.transaction.annotation.ProxyTransactionManagementConfiguration$$EnhancerBySpringCGLIB$$1a1722d7] is not eligible for getting processed by all BeanPostProcessors (for example: not eligible for auto-proxying)
2019-09-27 17:42:47.239  INFO 14618 --- [restartedMain] o.s.b.w.embedded.tomcat.TomcatWebServer  : Tomcat initialized with port(s): 8686 (http)
2019-09-27 17:42:47.262  INFO 14618 --- [restartedMain] o.apache.catalina.core.StandardService   : Starting service [Tomcat]
2019-09-27 17:42:47.262  INFO 14618 --- [restartedMain] org.apache.catalina.core.StandardEngine  : Starting Servlet engine: [Apache Tomcat/9.0.21]
2019-09-27 17:42:47.347  INFO 14618 --- [restartedMain] o.a.c.c.C.[Tomcat].[localhost].[/]       : Initializing Spring embedded WebApplicationContext
2019-09-27 17:42:47.347 DEBUG 14618 --- [restartedMain] o.s.web.context.ContextLoader            : Published root WebApplicationContext as ServletContext attribute with name [org.springframework.web.context.WebApplicationContext.ROOT]
2019-09-27 17:42:47.347  INFO 14618 --- [restartedMain] o.s.web.context.ContextLoader            : Root WebApplicationContext: initialization completed in 1581 ms
2019-09-27 17:42:47.561  INFO 14618 --- [restartedMain] c.a.d.s.b.a.DruidDataSourceAutoConfigure : Init DruidDataSource
2019-09-27 17:42:47.919  INFO 14618 --- [restartedMain] com.alibaba.druid.pool.DruidDataSource   : {dataSource-1} inited
2019-09-27 17:42:48.354  INFO 14618 --- [restartedMain] o.s.s.concurrent.ThreadPoolTaskExecutor  : Initializing ExecutorService
2019-09-27 17:42:48.356  INFO 14618 --- [restartedMain] o.s.s.concurrent.ThreadPoolTaskExecutor  : Initializing ExecutorService 'taskExecutor'
2019-09-27 17:42:48.395 DEBUG 14618 --- [restartedMain] o.s.w.s.handler.SimpleUrlHandlerMapping  : Patterns [/**/favicon.ico] in 'faviconHandlerMapping'
2019-09-27 17:42:48.523 DEBUG 14618 --- [restartedMain] s.w.s.m.m.a.RequestMappingHandlerAdapter : ControllerAdvice beans: 0 @ModelAttribute, 0 @InitBinder, 1 RequestBodyAdvice, 1 ResponseBodyAdvice
2019-09-27 17:42:48.593 DEBUG 14618 --- [restartedMain] s.w.s.m.m.a.RequestMappingHandlerMapping : 34 mappings in 'requestMappingHandlerMapping'
2019-09-27 17:42:48.606 DEBUG 14618 --- [restartedMain] o.s.w.s.handler.SimpleUrlHandlerMapping  : Patterns [/webjars/**, /**] in 'resourceHandlerMapping'
2019-09-27 17:42:48.619 DEBUG 14618 --- [restartedMain] .m.m.a.ExceptionHandlerExceptionResolver : ControllerAdvice beans: 0 @ExceptionHandler, 1 ResponseBodyAdvice
2019-09-27 17:42:48.649  WARN 14618 --- [restartedMain] ion$DefaultTemplateResolverConfiguration : Cannot find template location: classpath:templates/ (please add some templates or check your Thymeleaf configuration)
2019-09-27 17:42:48.654  WARN 14618 --- [restartedMain] org.thymeleaf.templatemode.TemplateMode  : [THYMELEAF][restartedMain] Template Mode 'LEGACYHTML5' is deprecated. Using Template Mode 'HTML' instead.
2019-09-27 17:42:48.973  INFO 14618 --- [restartedMain] o.s.b.d.a.OptionalLiveReloadServer       : LiveReload server is running on port 35729
2019-09-27 17:42:48.980  INFO 14618 --- [restartedMain] o.s.b.a.e.web.EndpointLinksResolver      : Exposing 2 endpoint(s) beneath base path '/actuator'
2019-09-27 17:42:49.073  INFO 14618 --- [restartedMain] o.s.b.w.embedded.tomcat.TomcatWebServer  : Tomcat started on port(s): 8686 (http) with context path ''
2019-09-27 17:42:49.077  INFO 14618 --- [restartedMain] com.zy.recursion.RecursionApplication    : Started RecursionApplication in 4.071 seconds (JVM running for 5.28)
2019-09-27 17:42:49.257  INFO 14618 --- [RMI TCP Connection(1)-10.19.3.41] o.a.c.c.C.[Tomcat].[localhost].[/]       : Initializing Spring DispatcherServlet 'dispatcherServlet'
2019-09-27 17:42:49.257  INFO 14618 --- [RMI TCP Connection(1)-10.19.3.41] o.s.web.servlet.DispatcherServlet        : Initializing Servlet 'dispatcherServlet'
2019-09-27 17:42:49.257 DEBUG 14618 --- [RMI TCP Connection(1)-10.19.3.41] o.s.web.servlet.DispatcherServlet        : Detected StandardServletMultipartResolver
2019-09-27 17:42:49.267 DEBUG 14618 --- [RMI TCP Connection(1)-10.19.3.41] o.s.web.servlet.DispatcherServlet        : enableLoggingRequestDetails='false': request parameters and headers will be masked to prevent unsafe logging of potentially sensitive data
2019-09-27 17:42:49.267  INFO 14618 --- [RMI TCP Connection(1)-10.19.3.41] o.s.web.servlet.DispatcherServlet        : Completed initialization in 10 ms
2019-09-27 19:54:56.392  INFO 14618 --- [Thread-16] o.s.s.concurrent.ThreadPoolTaskExecutor  : Shutting down ExecutorService 'taskExecutor'
2019-09-27 19:54:56.416  INFO 14618 --- [Thread-16] com.alibaba.druid.pool.DruidDataSource   : {dataSource-1} closed
